Base path: 'C:/Program Files/Unity/Hub/Editor/2019.3.11f1/Editor/Data', plugins path 'C:/Program Files/Unity/Hub/Editor/2019.3.11f1/Editor/Data/PlaybackEngines'
Cmd: initializeCompiler
Cmd: compileComputeKernel
  api=4 insize=12081 outsize=1099 ok=1
Cmd: compileComputeKernel
  api=4 insize=12124 outsize=1819 ok=1
Cmd: compileComputeKernel
  api=4 insize=12124 outsize=1974 ok=1
Cmd: compileComputeKernel
  api=4 insize=12124 outsize=1849 ok=1
Cmd: compileComputeKernel
  api=4 insize=12124 outsize=1998 ok=1
Cmd: compileComputeKernel
  api=4 insize=19771 outsize=3156 ok=1
Cmd: compileComputeKernel
  api=4 insize=59196 outsize=2850 ok=1
Cmd: compileComputeKernel
  api=4 insize=59196 outsize=2631 ok=1
Cmd: compileComputeKernel
  api=4 insize=59196 outsize=1335 ok=1
Cmd: compileComputeKernel
  api=4 insize=59196 outsize=1667 ok=1
Cmd: compileComputeKernel
  api=4 insize=59196 outsize=1610 ok=1
Cmd: compileComputeKernel
  api=4 insize=59196 outsize=1287 ok=1
Cmd: compileComputeKernel
  api=4 insize=59196 outsize=1631 ok=1
Cmd: compileComputeKernel
  api=4 insize=59196 outsize=1520 ok=1
Cmd: compileComputeKernel
  api=4 insize=59196 outsize=1359 ok=1
Cmd: compileComputeKernel
  api=4 insize=59196 outsize=1311 ok=1
Cmd: compileComputeKernel
  api=4 insize=59196 outsize=1777 ok=1
Cmd: compileComputeKernel
  api=4 insize=59196 outsize=1823 ok=1
Cmd: compileComputeKernel
  api=4 insize=59196 outsize=2259 ok=1
Cmd: compileComputeKernel
  api=4 insize=59196 outsize=1856 ok=1
Cmd: compileComputeKernel
  api=4 insize=59196 outsize=1997 ok=1
Cmd: compileComputeKernel
  api=4 insize=59196 outsize=1301 ok=1
Cmd: compileComputeKernel
  api=4 insize=59196 outsize=2026 ok=1
Cmd: compileComputeKernel
  api=4 insize=59196 outsize=1449 ok=1
Cmd: compileComputeKernel
  api=4 insize=59196 outsize=2421 ok=1
Cmd: compileComputeKernel
  api=4 insize=73605 outsize=7893 ok=1
Cmd: compileComputeKernel
  api=4 insize=33531 outsize=638 ok=1
Cmd: compileComputeKernel
  api=4 insize=33531 outsize=1032 ok=1
Cmd: compileComputeKernel
  api=4 insize=33531 outsize=791 ok=1
Cmd: compileComputeKernel
  api=4 insize=33531 outsize=950 ok=1
Cmd: compileComputeKernel
  api=4 insize=33531 outsize=701 ok=1
Cmd: compileComputeKernel
  api=4 insize=33531 outsize=716 ok=1
Cmd: compileComputeKernel
  api=4 insize=33531 outsize=1269 ok=1
Cmd: compileComputeKernel
  api=4 insize=33531 outsize=1547 ok=1
Cmd: compileComputeKernel
  api=4 insize=33531 outsize=1457 ok=1
Cmd: compileComputeKernel
  api=4 insize=33531 outsize=1383 ok=1
Cmd: compileComputeKernel
  api=4 insize=33531 outsize=1359 ok=1
Cmd: compileComputeKernel
  api=4 insize=33531 outsize=1311 ok=1
Cmd: compileComputeKernel
  api=4 insize=33531 outsize=1369 ok=1
Cmd: compileComputeKernel
  api=4 insize=33531 outsize=1364 ok=1
Cmd: compileComputeKernel
  api=4 insize=75191 outsize=12292 ok=1
Cmd: compileComputeKernel
  api=4 insize=75191 outsize=32238 ok=1
Cmd: compileComputeKernel
  api=4 insize=75191 outsize=3725 ok=1
Cmd: compileComputeKernel
  api=4 insize=4434 outsize=1684 ok=1
Cmd: compileSnippet
  api=4 type=1 insize=16577 outsize=442 kw=_SUNDISK_NONE pd=UNITY_ENABLE_REFLECTION_BUFFERS UNITY_USE_DITHER_MASK_FOR_ALPHABLENDED_SHADOWS UNITY_PBS_USE_BRDF1 UNITY_SPECCUBE_BOX_PROJECTION UNITY_SPECCUBE_BLENDING UNITY_ENABLE_DETAIL_NORMALMAP SHADER_API_DESKTOP UNITY_COLORSPACE_GAMMA UNITY_LIGHT_PROBE_PROXY_VOLUME UNITY_LIGHTMAP_FULL_HDR ok=1
Cmd: compileSnippet
  api=4 type=0 insize=16577 outsize=5666 kw=_SUNDISK_SIMPLE pd=UNITY_ENABLE_REFLECTION_BUFFERS UNITY_USE_DITHER_MASK_FOR_ALPHABLENDED_SHADOWS UNITY_PBS_USE_BRDF1 UNITY_SPECCUBE_BOX_PROJECTION UNITY_SPECCUBE_BLENDING UNITY_ENABLE_DETAIL_NORMALMAP SHADER_API_DESKTOP UNITY_COLORSPACE_GAMMA UNITY_LIGHT_PROBE_PROXY_VOLUME UNITY_LIGHTMAP_FULL_HDR ok=1
Cmd: initializeCompiler
